<?xml version="1.0" encoding="UTF-8" ?>
<testsuite tests="2" failures="0" name="com.blazemeter.jmeter.RandomCSVDataSetConfigGuiTest" time="69.757" errors="0" skipped="0">
  <properties>
    <property name="java.runtime.name" value="Java(TM) SE Runtime Environment"/>
    <property name="sun.boot.library.path" value="C:\Program Files\Java\jdk1.8.0_171\jre\bin"/>
    <property name="java.vm.version" value="25.171-b11"/>
    <property name="java.vm.vendor" value="Oracle Corporation"/>
    <property name="maven.multiModuleProjectDirectory" value="C:\Users\dk02\Desktop\currently working\jmeter-bzm-plugins\random-csv-data-set"/>
    <property name="java.vendor.url" value="http://java.oracle.com/"/>
    <property name="path.separator" value=";"/>
    <property name="guice.disable.misplaced.annotation.check" value="true"/>
    <property name="java.vm.name" value="Java HotSpot(TM) 64-Bit Server VM"/>
    <property name="file.encoding.pkg" value="sun.io"/>
    <property name="user.script" value=""/>
    <property name="user.country" value="US"/>
    <property name="sun.java.launcher" value="SUN_STANDARD"/>
    <property name="sun.os.patch.level" value=""/>
    <property name="java.vm.specification.name" value="Java Virtual Machine Specification"/>
    <property name="user.dir" value="C:\Users\dk02\Desktop\currently working\jmeter-bzm-plugins\random-csv-data-set"/>
    <property name="java.runtime.version" value="1.8.0_171-b11"/>
    <property name="java.awt.graphicsenv" value="sun.awt.Win32GraphicsEnvironment"/>
    <property name="java.endorsed.dirs" value="C:\Program Files\Java\jdk1.8.0_171\jre\lib\endorsed"/>
    <property name="os.arch" value="amd64"/>
    <property name="java.io.tmpdir" value="C:\Users\dk02\AppData\Local\Temp\1\"/>
    <property name="line.separator" value="
"/>
    <property name="java.vm.specification.vendor" value="Oracle Corporation"/>
    <property name="user.variant" value=""/>
    <property name="os.name" value="Windows 10"/>
    <property name="classworlds.conf" value="C:\Users\dk02\eclipse-workspace\.metadata\.plugins\org.eclipse.m2e.launching\launches\m2conf1091272153321487585.tmp"/>
    <property name="sun.jnu.encoding" value="Cp1252"/>
    <property name="java.library.path" value="C:\Program Files\Java\jdk1.8.0_171\bin;C:\WINDOWS\Sun\Java\bin;C:\WINDOWS\system32;C:\WINDOWS;C:/Program Files/Java/jdk1.8.0_171/jre/bin/server;C:/Program Files/Java/jdk1.8.0_171/jre/bin;C:/Program Files/Java/jdk1.8.0_171/jre/lib/amd64;C:\STAF\bin;C:\Python37\Scripts\;C:\Python37\;C:\Program Files (x86)\Common Files\Oracle\Java\javapath;C:\WINDOWS\system32;C:\WINDOWS;C:\WINDOWS\System32\Wbem;C:\WINDOWS\System32\WindowsPowerShell\v1.0\;C:\WINDOWS\SysWOW64\~FDSTools\SysinternalsSuite;C:\Program Files\Perforce;C:\Program Files\Java\jdk1.8.0_171\bin;C:\node_modules\.bin;C:\Program Files\Microsoft VS Code\bin;C:\Program Files\Heroku\bin;C:\Python34;C:\Python34\Scripts;C:\php;C:\apache-tomee-plus-1.7.4\bin;C:\Program Files\ngrok-stable-windows-amd64;C:\Program Files\nodejs\;C:\Program Files (x86)\Yarn\bin\;C:\Users\dk02\Downloads\apache-jmeter-5.1.1\apache-jmeter-5.1.1\bin\;C:\Apache24\bin;C:\Program Files\Git\cmd;C:\Program Files\Java\jdk1.8.0_171\bin;C:\Program Files\Java\ant_home\bin;C:\Program Files\Java\apache-maven-3.6.2\bin;C:\Ruby23\bin;C:\Users\dk02\AppData\Local\Microsoft\WindowsApps;C:\Java\jdk1.8.0_91\jre\bin;C:\node_modules\.bin;C:\Program Files\Java\jdk1.8.0_171\jre\bin;C:\Program Files\Microsoft VS Code\bin;C:\Users\dk02\AppData\Local\atom\bin;C:\Program Files\Heroku\bin;C:\Users\dk02\AppData\Roaming\factsetio\bin\;C:\Users\dk02\AppData\Local\GitHubDesktop\bin;C:\Users\dk02\AppData\Roaming\npm;C:\Users\dk02\AppData\Local\Yarn\bin;C:\WINDOWS\system32;;."/>
    <property name="java.specification.name" value="Java Platform API Specification"/>
    <property name="java.class.version" value="52.0"/>
    <property name="sun.management.compiler" value="HotSpot 64-Bit Tiered Compilers"/>
    <property name="os.version" value="10.0"/>
    <property name="user.home" value="C:\Users\dk02"/>
    <property name="user.timezone" value="Asia/Calcutta"/>
    <property name="java.awt.printerjob" value="sun.awt.windows.WPrinterJob"/>
    <property name="java.specification.version" value="1.8"/>
    <property name="file.encoding" value="Cp1252"/>
    <property name="user.name" value="dk02"/>
    <property name="java.class.path" value="C:\Users\dk02\.p2\pool\plugins\org.eclipse.m2e.maven.runtime_1.9.1.20180912-1600\jars\plexus-classworlds-2.5.2.jar"/>
    <property name="java.vm.specification.version" value="1.8"/>
    <property name="sun.arch.data.model" value="64"/>
    <property name="java.home" value="C:\Program Files\Java\jdk1.8.0_171\jre"/>
    <property name="sun.java.command" value="org.codehaus.plexus.classworlds.launcher.Launcher -B test"/>
    <property name="java.specification.vendor" value="Oracle Corporation"/>
    <property name="user.language" value="en"/>
    <property name="awt.toolkit" value="sun.awt.windows.WToolkit"/>
    <property name="java.vm.info" value="mixed mode"/>
    <property name="java.version" value="1.8.0_171"/>
    <property name="java.ext.dirs" value="C:\Program Files\Java\jdk1.8.0_171\jre\lib\ext;C:\WINDOWS\Sun\Java\lib\ext"/>
    <property name="sun.boot.class.path" value="C:\Program Files\Java\jdk1.8.0_171\jre\lib\resources.jar;C:\Program Files\Java\jdk1.8.0_171\jre\lib\rt.jar;C:\Program Files\Java\jdk1.8.0_171\jre\lib\sunrsasign.jar;C:\Program Files\Java\jdk1.8.0_171\jre\lib\jsse.jar;C:\Program Files\Java\jdk1.8.0_171\jre\lib\jce.jar;C:\Program Files\Java\jdk1.8.0_171\jre\lib\charsets.jar;C:\Program Files\Java\jdk1.8.0_171\jre\lib\jfr.jar;C:\Program Files\Java\jdk1.8.0_171\jre\classes"/>
    <property name="java.vendor" value="Oracle Corporation"/>
    <property name="maven.home" value="C:\Users\dk02\Desktop\currently working\jmeter-bzm-plugins\random-csv-data-set\EMBEDDED"/>
    <property name="file.separator" value="\"/>
    <property name="java.vendor.url.bug" value="http://bugreport.sun.com/bugreport/"/>
    <property name="sun.cpu.endian" value="little"/>
    <property name="sun.io.unicode.encoding" value="UnicodeLittle"/>
    <property name="sun.desktop" value="windows"/>
    <property name="sun.cpu.isalist" value="amd64"/>
  </properties>
  <testcase classname="com.blazemeter.jmeter.RandomCSVDataSetConfigGuiTest" name="testGui" time="0.143"/>
  <testcase classname="com.blazemeter.jmeter.RandomCSVDataSetConfigGuiTest" name="showGui" time="69.614"/>
</testsuite>